{"timestamp": "2025-07-25T14:16:20.210015", "container": "victim", "event_type": "container_start", "message": "Victim container started", "data": {"victim_ip": "10.0.1.20", "attacker_ip": "10.0.1.10", "observer_ip": "10.0.1.30"}}
{"timestamp": "2025-07-25T14:16:20.224869", "container": "victim", "event_type": "services_started", "message": "All victim services started", "data": {"services": ["HTTP Web Server", "Echo Service", "ARP Monitor", "Activity Simulator"]}}
{"timestamp": "2025-07-25T14:16:51.113177", "container": "victim", "event_type": "network_activity", "message": "Periodic gateway ping successful", "data": {}}
{"timestamp": "2025-07-25T14:17:22.016093", "container": "victim", "event_type": "network_activity", "message": "Periodic gateway ping successful", "data": {}}
{"timestamp": "2025-07-25T14:17:52.935963", "container": "victim", "event_type": "network_activity", "message": "Periodic gateway ping successful", "data": {}}
{"timestamp": "2025-07-25T14:18:23.834176", "container": "victim", "event_type": "network_activity", "message": "Periodic gateway ping successful", "data": {}}
{"timestamp": "2025-07-25T14:18:54.777092", "container": "victim", "event_type": "network_activity", "message": "Periodic gateway ping successful", "data": {}}
{"timestamp": "2025-07-25T14:19:25.655074", "container": "victim", "event_type": "network_activity", "message": "Periodic gateway ping successful", "data": {}}
{"timestamp": "2025-07-25T14:19:56.567877", "container": "victim", "event_type": "network_activity", "message": "Periodic gateway ping successful", "data": {}}
{"timestamp": "2025-07-25T14:20:27.497548", "container": "victim", "event_type": "network_activity", "message": "Periodic gateway ping successful", "data": {}}
{"timestamp": "2025-07-25T14:20:58.419306", "container": "victim", "event_type": "network_activity", "message": "Periodic gateway ping successful", "data": {}}
{"timestamp": "2025-07-25T14:21:29.328159", "container": "victim", "event_type": "network_activity", "message": "Periodic gateway ping successful", "data": {}}
{"timestamp": "2025-07-25T14:22:00.223931", "container": "victim", "event_type": "network_activity", "message": "Periodic gateway ping successful", "data": {}}
{"timestamp": "2025-07-25T14:22:31.142869", "container": "victim", "event_type": "network_activity", "message": "Periodic gateway ping successful", "data": {}}
{"timestamp": "2025-07-25T14:23:02.062442", "container": "victim", "event_type": "network_activity", "message": "Periodic gateway ping successful", "data": {}}
{"timestamp": "2025-07-25T14:23:32.984770", "container": "victim", "event_type": "network_activity", "message": "Periodic gateway ping successful", "data": {}}
{"timestamp": "2025-07-25T14:24:03.871067", "container": "victim", "event_type": "network_activity", "message": "Periodic gateway ping successful", "data": {}}
{"timestamp": "2025-07-25T14:24:34.800769", "container": "victim", "event_type": "network_activity", "message": "Periodic gateway ping successful", "data": {}}
{"timestamp": "2025-07-25T14:25:05.731597", "container": "victim", "event_type": "network_activity", "message": "Periodic gateway ping successful", "data": {}}
{"timestamp": "2025-07-25T14:25:36.627511", "container": "victim", "event_type": "network_activity", "message": "Periodic gateway ping successful", "data": {}}
{"timestamp": "2025-07-25T14:26:07.553376", "container": "victim", "event_type": "network_activity", "message": "Periodic gateway ping successful", "data": {}}
{"timestamp": "2025-07-25T14:26:38.490519", "container": "victim", "event_type": "network_activity", "message": "Periodic gateway ping successful", "data": {}}
{"timestamp": "2025-07-25T14:27:09.420619", "container": "victim", "event_type": "network_activity", "message": "Periodic gateway ping successful", "data": {}}
{"timestamp": "2025-07-25T14:27:40.328123", "container": "victim", "event_type": "network_activity", "message": "Periodic gateway ping successful", "data": {}}
{"timestamp": "2025-07-25T14:28:11.257700", "container": "victim", "event_type": "network_activity", "message": "Periodic gateway ping successful", "data": {}}
{"timestamp": "2025-07-25T14:28:42.164784", "container": "victim", "event_type": "network_activity", "message": "Periodic gateway ping successful", "data": {}}
{"timestamp": "2025-07-25T14:29:13.102753", "container": "victim", "event_type": "network_activity", "message": "Periodic gateway ping successful", "data": {}}
{"timestamp": "2025-07-25T14:29:44.018494", "container": "victim", "event_type": "network_activity", "message": "Periodic gateway ping successful", "data": {}}
{"timestamp": "2025-07-25T14:30:14.921947", "container": "victim", "event_type": "network_activity", "message": "Periodic gateway ping successful", "data": {}}
{"timestamp": "2025-07-25T14:30:45.841671", "container": "victim", "event_type": "network_activity", "message": "Periodic gateway ping successful", "data": {}}
{"timestamp": "2025-07-25T14:31:16.765842", "container": "victim", "event_type": "network_activity", "message": "Periodic gateway ping successful", "data": {}}
{"timestamp": "2025-07-25T14:31:47.700047", "container": "victim", "event_type": "network_activity", "message": "Periodic gateway ping successful", "data": {}}
{"timestamp": "2025-07-25T14:32:18.626142", "container": "victim", "event_type": "network_activity", "message": "Periodic gateway ping successful", "data": {}}
{"timestamp": "2025-07-25T14:32:49.539478", "container": "victim", "event_type": "network_activity", "message": "Periodic gateway ping successful", "data": {}}
{"timestamp": "2025-07-25T14:33:20.464264", "container": "victim", "event_type": "network_activity", "message": "Periodic gateway ping successful", "data": {}}
{"timestamp": "2025-07-25T14:33:51.409434", "container": "victim", "event_type": "network_activity", "message": "Periodic gateway ping successful", "data": {}}
{"timestamp": "2025-07-25T14:34:22.356191", "container": "victim", "event_type": "network_activity", "message": "Periodic gateway ping successful", "data": {}}
{"timestamp": "2025-07-25T14:34:53.295075", "container": "victim", "event_type": "network_activity", "message": "Periodic gateway ping successful", "data": {}}
{"timestamp": "2025-07-25T14:35:24.213304", "container": "victim", "event_type": "network_activity", "message": "Periodic gateway ping successful", "data": {}}
{"timestamp": "2025-07-25T14:35:55.147382", "container": "victim", "event_type": "network_activity", "message": "Periodic gateway ping successful", "data": {}}
{"timestamp": "2025-07-25T14:36:26.128227", "container": "victim", "event_type": "network_activity", "message": "Periodic gateway ping successful", "data": {}}
{"timestamp": "2025-07-25T14:36:57.035651", "container": "victim", "event_type": "network_activity", "message": "Periodic gateway ping successful", "data": {}}
{"timestamp": "2025-07-25T14:37:27.958631", "container": "victim", "event_type": "network_activity", "message": "Periodic gateway ping successful", "data": {}}
{"timestamp": "2025-07-25T14:37:58.885381", "container": "victim", "event_type": "network_activity", "message": "Periodic gateway ping successful", "data": {}}
{"timestamp": "2025-07-25T14:38:29.840549", "container": "victim", "event_type": "network_activity", "message": "Periodic gateway ping successful", "data": {}}
{"timestamp": "2025-07-25T14:39:00.780896", "container": "victim", "event_type": "network_activity", "message": "Periodic gateway ping successful", "data": {}}
{"timestamp": "2025-07-25T14:39:31.700209", "container": "victim", "event_type": "network_activity", "message": "Periodic gateway ping successful", "data": {}}
{"timestamp": "2025-07-25T14:40:02.642261", "container": "victim", "event_type": "network_activity", "message": "Periodic gateway ping successful", "data": {}}
{"timestamp": "2025-07-25T14:40:33.594144", "container": "victim", "event_type": "network_activity", "message": "Periodic gateway ping successful", "data": {}}
{"timestamp": "2025-07-25T14:41:04.524346", "container": "victim", "event_type": "network_activity", "message": "Periodic gateway ping successful", "data": {}}
{"timestamp": "2025-07-25T14:41:35.441280", "container": "victim", "event_type": "network_activity", "message": "Periodic gateway ping successful", "data": {}}
{"timestamp": "2025-07-25T14:42:06.381347", "container": "victim", "event_type": "network_activity", "message": "Periodic gateway ping successful", "data": {}}
{"timestamp": "2025-07-25T14:42:37.335987", "container": "victim", "event_type": "network_activity", "message": "Periodic gateway ping successful", "data": {}}
{"timestamp": "2025-07-25T14:43:08.265495", "container": "victim", "event_type": "network_activity", "message": "Periodic gateway ping successful", "data": {}}
{"timestamp": "2025-07-25T14:43:39.217428", "container": "victim", "event_type": "network_activity", "message": "Periodic gateway ping successful", "data": {}}
{"timestamp": "2025-07-25T14:44:10.142917", "container": "victim", "event_type": "network_activity", "message": "Periodic gateway ping successful", "data": {}}
{"timestamp": "2025-07-25T14:44:41.096982", "container": "victim", "event_type": "network_activity", "message": "Periodic gateway ping successful", "data": {}}
{"timestamp": "2025-07-25T14:45:12.027193", "container": "victim", "event_type": "network_activity", "message": "Periodic gateway ping successful", "data": {}}
{"timestamp": "2025-07-25T14:45:42.969450", "container": "victim", "event_type": "network_activity", "message": "Periodic gateway ping successful", "data": {}}
{"timestamp": "2025-07-25T14:46:13.929051", "container": "victim", "event_type": "network_activity", "message": "Periodic gateway ping successful", "data": {}}
{"timestamp": "2025-07-25T14:46:44.888727", "container": "victim", "event_type": "network_activity", "message": "Periodic gateway ping successful", "data": {}}
{"timestamp": "2025-07-25T14:47:15.810497", "container": "victim", "event_type": "network_activity", "message": "Periodic gateway ping successful", "data": {}}
{"timestamp": "2025-07-25T14:47:46.745911", "container": "victim", "event_type": "network_activity", "message": "Periodic gateway ping successful", "data": {}}
{"timestamp": "2025-07-25T14:48:17.688118", "container": "victim", "event_type": "network_activity", "message": "Periodic gateway ping successful", "data": {}}
{"timestamp": "2025-07-25T14:48:48.636019", "container": "victim", "event_type": "network_activity", "message": "Periodic gateway ping successful", "data": {}}
{"timestamp": "2025-07-25T14:49:19.554977", "container": "victim", "event_type": "network_activity", "message": "Periodic gateway ping successful", "data": {}}
{"timestamp": "2025-07-25T14:49:50.509728", "container": "victim", "event_type": "network_activity", "message": "Periodic gateway ping successful", "data": {}}
{"timestamp": "2025-07-25T14:50:21.445911", "container": "victim", "event_type": "network_activity", "message": "Periodic gateway ping successful", "data": {}}
{"timestamp": "2025-07-25T14:50:52.412762", "container": "victim", "event_type": "network_activity", "message": "Periodic gateway ping successful", "data": {}}
{"timestamp": "2025-07-25T14:51:23.347227", "container": "victim", "event_type": "network_activity", "message": "Periodic gateway ping successful", "data": {}}
{"timestamp": "2025-07-25T14:51:54.267840", "container": "victim", "event_type": "network_activity", "message": "Periodic gateway ping successful", "data": {}}
{"timestamp": "2025-07-25T14:52:25.229857", "container": "victim", "event_type": "network_activity", "message": "Periodic gateway ping successful", "data": {}}
{"timestamp": "2025-07-25T14:52:56.170402", "container": "victim", "event_type": "network_activity", "message": "Periodic gateway ping successful", "data": {}}
{"timestamp": "2025-07-25T14:53:27.546102", "container": "victim", "event_type": "network_activity", "message": "Periodic gateway ping successful", "data": {}}
{"timestamp": "2025-07-25T14:53:58.040067", "container": "victim", "event_type": "network_activity", "message": "Periodic gateway ping successful", "data": {}}
{"timestamp": "2025-07-25T14:54:16.605265", "container": "victim", "event_type": "services_stopped", "message": "All victim services stopped", "data": {}}
{"timestamp": "2025-07-25T15:57:12.826980", "container": "victim", "event_type": "container_start", "message": "Victim container started", "data": {"victim_ip": "10.0.1.20", "attacker_ip": "10.0.1.10", "observer_ip": "10.0.1.30"}}
{"timestamp": "2025-07-25T15:57:12.838782", "container": "victim", "event_type": "services_started", "message": "All victim services started", "data": {"services": ["HTTP Web Server", "Echo Service", "ARP Monitor", "Activity Simulator"]}}
{"timestamp": "2025-07-25T15:57:43.854782", "container": "victim", "event_type": "network_activity", "message": "Periodic gateway ping successful", "data": {}}
{"timestamp": "2025-07-25T15:58:14.840083", "container": "victim", "event_type": "network_activity", "message": "Periodic gateway ping successful", "data": {}}
{"timestamp": "2025-07-25T15:58:45.862115", "container": "victim", "event_type": "network_activity", "message": "Periodic gateway ping successful", "data": {}}
{"timestamp": "2025-07-25T15:59:16.863541", "container": "victim", "event_type": "network_activity", "message": "Periodic gateway ping successful", "data": {}}
{"timestamp": "2025-07-25T15:59:47.848547", "container": "victim", "event_type": "network_activity", "message": "Periodic gateway ping successful", "data": {}}
{"timestamp": "2025-07-25T16:00:18.849549", "container": "victim", "event_type": "network_activity", "message": "Periodic gateway ping successful", "data": {}}
{"timestamp": "2025-07-25T16:00:49.835257", "container": "victim", "event_type": "network_activity", "message": "Periodic gateway ping successful", "data": {}}
{"timestamp": "2025-07-25T16:01:20.828171", "container": "victim", "event_type": "network_activity", "message": "Periodic gateway ping successful", "data": {}}
{"timestamp": "2025-07-25T16:01:51.851561", "container": "victim", "event_type": "network_activity", "message": "Periodic gateway ping successful", "data": {}}
{"timestamp": "2025-07-25T16:02:22.817662", "container": "victim", "event_type": "network_activity", "message": "Periodic gateway ping successful", "data": {}}
{"timestamp": "2025-07-25T16:02:53.826969", "container": "victim", "event_type": "network_activity", "message": "Periodic gateway ping successful", "data": {}}
{"timestamp": "2025-07-25T16:03:24.851515", "container": "victim", "event_type": "network_activity", "message": "Periodic gateway ping successful", "data": {}}
{"timestamp": "2025-07-25T16:03:55.879891", "container": "victim", "event_type": "network_activity", "message": "Periodic gateway ping successful", "data": {}}
{"timestamp": "2025-07-25T16:04:26.875793", "container": "victim", "event_type": "network_activity", "message": "Periodic gateway ping successful", "data": {}}
{"timestamp": "2025-07-25T16:04:57.869109", "container": "victim", "event_type": "network_activity", "message": "Periodic gateway ping successful", "data": {}}
{"timestamp": "2025-07-25T16:05:28.881247", "container": "victim", "event_type": "network_activity", "message": "Periodic gateway ping successful", "data": {}}
{"timestamp": "2025-07-25T16:05:59.911155", "container": "victim", "event_type": "network_activity", "message": "Periodic gateway ping successful", "data": {}}
{"timestamp": "2025-07-25T16:06:30.894209", "container": "victim", "event_type": "network_activity", "message": "Periodic gateway ping successful", "data": {}}
{"timestamp": "2025-07-25T16:07:01.907165", "container": "victim", "event_type": "network_activity", "message": "Periodic gateway ping successful", "data": {}}
{"timestamp": "2025-07-25T16:07:32.940143", "container": "victim", "event_type": "network_activity", "message": "Periodic gateway ping successful", "data": {}}
{"timestamp": "2025-07-25T16:08:03.961530", "container": "victim", "event_type": "network_activity", "message": "Periodic gateway ping successful", "data": {}}
{"timestamp": "2025-07-25T16:08:34.976399", "container": "victim", "event_type": "network_activity", "message": "Periodic gateway ping successful", "data": {}}
{"timestamp": "2025-07-25T16:09:05.975199", "container": "victim", "event_type": "network_activity", "message": "Periodic gateway ping successful", "data": {}}
{"timestamp": "2025-07-25T16:09:37.003635", "container": "victim", "event_type": "network_activity", "message": "Periodic gateway ping successful", "data": {}}
{"timestamp": "2025-07-25T16:10:07.997979", "container": "victim", "event_type": "network_activity", "message": "Periodic gateway ping successful", "data": {}}
{"timestamp": "2025-07-25T16:10:39.022022", "container": "victim", "event_type": "network_activity", "message": "Periodic gateway ping successful", "data": {}}
{"timestamp": "2025-07-25T16:11:10.035564", "container": "victim", "event_type": "network_activity", "message": "Periodic gateway ping successful", "data": {}}
{"timestamp": "2025-07-25T16:11:40.509071", "container": "victim", "event_type": "network_activity", "message": "Periodic gateway ping successful", "data": {}}
{"timestamp": "2025-07-25T16:12:12.023758", "container": "victim", "event_type": "network_activity", "message": "Periodic gateway ping successful", "data": {}}
{"timestamp": "2025-07-25T16:12:43.032121", "container": "victim", "event_type": "network_activity", "message": "Periodic gateway ping successful", "data": {}}
{"timestamp": "2025-07-25T16:13:14.016372", "container": "victim", "event_type": "network_activity", "message": "Periodic gateway ping successful", "data": {}}
{"timestamp": "2025-07-25T16:13:45.019909", "container": "victim", "event_type": "network_activity", "message": "Periodic gateway ping successful", "data": {}}
{"timestamp": "2025-07-25T16:14:16.070502", "container": "victim", "event_type": "network_activity", "message": "Periodic gateway ping successful", "data": {}}
{"timestamp": "2025-07-25T16:14:47.049833", "container": "victim", "event_type": "network_activity", "message": "Periodic gateway ping successful", "data": {}}
{"timestamp": "2025-07-25T16:15:18.071147", "container": "victim", "event_type": "network_activity", "message": "Periodic gateway ping successful", "data": {}}
{"timestamp": "2025-07-25T16:15:49.069947", "container": "victim", "event_type": "network_activity", "message": "Periodic gateway ping successful", "data": {}}
{"timestamp": "2025-07-25T16:16:20.112404", "container": "victim", "event_type": "network_activity", "message": "Periodic gateway ping successful", "data": {}}
{"timestamp": "2025-07-25T16:16:51.093879", "container": "victim", "event_type": "network_activity", "message": "Periodic gateway ping successful", "data": {}}
{"timestamp": "2025-07-25T16:17:22.101153", "container": "victim", "event_type": "network_activity", "message": "Periodic gateway ping successful", "data": {}}
{"timestamp": "2025-07-25T16:17:53.112228", "container": "victim", "event_type": "network_activity", "message": "Periodic gateway ping successful", "data": {}}
{"timestamp": "2025-07-25T16:18:24.144849", "container": "victim", "event_type": "network_activity", "message": "Periodic gateway ping successful", "data": {}}
{"timestamp": "2025-07-25T16:18:55.157928", "container": "victim", "event_type": "network_activity", "message": "Periodic gateway ping successful", "data": {}}
{"timestamp": "2025-07-25T16:19:26.149460", "container": "victim", "event_type": "network_activity", "message": "Periodic gateway ping successful", "data": {}}
{"timestamp": "2025-07-25T16:19:57.150233", "container": "victim", "event_type": "network_activity", "message": "Periodic gateway ping successful", "data": {}}
{"timestamp": "2025-07-25T16:20:28.196538", "container": "victim", "event_type": "network_activity", "message": "Periodic gateway ping successful", "data": {}}
{"timestamp": "2025-07-25T16:20:59.197017", "container": "victim", "event_type": "network_activity", "message": "Periodic gateway ping successful", "data": {}}
{"timestamp": "2025-07-25T16:21:30.191407", "container": "victim", "event_type": "network_activity", "message": "Periodic gateway ping successful", "data": {}}
{"timestamp": "2025-07-25T16:22:01.204126", "container": "victim", "event_type": "network_activity", "message": "Periodic gateway ping successful", "data": {}}
{"timestamp": "2025-07-25T16:22:32.254601", "container": "victim", "event_type": "network_activity", "message": "Periodic gateway ping successful", "data": {}}
{"timestamp": "2025-07-25T16:23:03.283074", "container": "victim", "event_type": "network_activity", "message": "Periodic gateway ping successful", "data": {}}
{"timestamp": "2025-07-25T16:23:34.277593", "container": "victim", "event_type": "network_activity", "message": "Periodic gateway ping successful", "data": {}}
{"timestamp": "2025-07-25T16:24:05.299515", "container": "victim", "event_type": "network_activity", "message": "Periodic gateway ping successful", "data": {}}
{"timestamp": "2025-07-25T16:24:36.328023", "container": "victim", "event_type": "network_activity", "message": "Periodic gateway ping successful", "data": {}}
{"timestamp": "2025-07-25T16:25:07.344757", "container": "victim", "event_type": "network_activity", "message": "Periodic gateway ping successful", "data": {}}
{"timestamp": "2025-07-25T16:25:38.359451", "container": "victim", "event_type": "network_activity", "message": "Periodic gateway ping successful", "data": {}}
{"timestamp": "2025-07-25T16:26:09.361905", "container": "victim", "event_type": "network_activity", "message": "Periodic gateway ping successful", "data": {}}
{"timestamp": "2025-07-25T16:26:40.393426", "container": "victim", "event_type": "network_activity", "message": "Periodic gateway ping successful", "data": {}}
{"timestamp": "2025-07-25T16:27:11.414158", "container": "victim", "event_type": "network_activity", "message": "Periodic gateway ping successful", "data": {}}
{"timestamp": "2025-07-25T16:27:42.407156", "container": "victim", "event_type": "network_activity", "message": "Periodic gateway ping successful", "data": {}}
{"timestamp": "2025-07-25T16:28:13.448422", "container": "victim", "event_type": "network_activity", "message": "Periodic gateway ping successful", "data": {}}
{"timestamp": "2025-07-25T16:28:44.461615", "container": "victim", "event_type": "network_activity", "message": "Periodic gateway ping successful", "data": {}}
{"timestamp": "2025-07-25T16:29:15.511289", "container": "victim", "event_type": "network_activity", "message": "Periodic gateway ping successful", "data": {}}
{"timestamp": "2025-07-25T16:29:46.508232", "container": "victim", "event_type": "network_activity", "message": "Periodic gateway ping successful", "data": {}}
{"timestamp": "2025-07-25T16:30:17.529851", "container": "victim", "event_type": "network_activity", "message": "Periodic gateway ping successful", "data": {}}
{"timestamp": "2025-07-25T16:30:48.562157", "container": "victim", "event_type": "network_activity", "message": "Periodic gateway ping successful", "data": {}}
{"timestamp": "2025-07-25T16:31:19.581088", "container": "victim", "event_type": "network_activity", "message": "Periodic gateway ping successful", "data": {}}
{"timestamp": "2025-07-25T16:31:50.578640", "container": "victim", "event_type": "network_activity", "message": "Periodic gateway ping successful", "data": {}}
{"timestamp": "2025-07-25T16:32:21.589587", "container": "victim", "event_type": "network_activity", "message": "Periodic gateway ping successful", "data": {}}
{"timestamp": "2025-07-25T16:32:52.635634", "container": "victim", "event_type": "network_activity", "message": "Periodic gateway ping successful", "data": {}}
{"timestamp": "2025-07-25T16:33:23.644542", "container": "victim", "event_type": "network_activity", "message": "Periodic gateway ping successful", "data": {}}
{"timestamp": "2025-07-25T16:33:54.652227", "container": "victim", "event_type": "network_activity", "message": "Periodic gateway ping successful", "data": {}}
{"timestamp": "2025-07-25T16:34:25.684836", "container": "victim", "event_type": "network_activity", "message": "Periodic gateway ping successful", "data": {}}
{"timestamp": "2025-07-25T16:34:56.724937", "container": "victim", "event_type": "network_activity", "message": "Periodic gateway ping successful", "data": {}}
{"timestamp": "2025-07-25T16:35:27.731026", "container": "victim", "event_type": "network_activity", "message": "Periodic gateway ping successful", "data": {}}
{"timestamp": "2025-07-25T16:35:58.771941", "container": "victim", "event_type": "network_activity", "message": "Periodic gateway ping successful", "data": {}}
{"timestamp": "2025-07-25T16:36:29.796838", "container": "victim", "event_type": "network_activity", "message": "Periodic gateway ping successful", "data": {}}
{"timestamp": "2025-07-25T16:37:00.820003", "container": "victim", "event_type": "network_activity", "message": "Periodic gateway ping successful", "data": {}}
{"timestamp": "2025-07-25T16:37:31.866155", "container": "victim", "event_type": "network_activity", "message": "Periodic gateway ping successful", "data": {}}
{"timestamp": "2025-07-25T16:38:02.935710", "container": "victim", "event_type": "network_activity", "message": "Periodic gateway ping successful", "data": {}}
{"timestamp": "2025-07-25T16:38:33.972764", "container": "victim", "event_type": "network_activity", "message": "Periodic gateway ping successful", "data": {}}
{"timestamp": "2025-07-25T16:39:04.983000", "container": "victim", "event_type": "network_activity", "message": "Periodic gateway ping successful", "data": {}}
{"timestamp": "2025-07-25T16:39:35.997968", "container": "victim", "event_type": "network_activity", "message": "Periodic gateway ping successful", "data": {}}
{"timestamp": "2025-07-25T16:40:07.033413", "container": "victim", "event_type": "network_activity", "message": "Periodic gateway ping successful", "data": {}}
{"timestamp": "2025-07-25T16:40:38.093107", "container": "victim", "event_type": "network_activity", "message": "Periodic gateway ping successful", "data": {}}
{"timestamp": "2025-07-25T16:41:09.138287", "container": "victim", "event_type": "network_activity", "message": "Periodic gateway ping successful", "data": {}}
{"timestamp": "2025-07-25T16:41:40.177254", "container": "victim", "event_type": "network_activity", "message": "Periodic gateway ping successful", "data": {}}
{"timestamp": "2025-07-25T16:42:11.206335", "container": "victim", "event_type": "network_activity", "message": "Periodic gateway ping successful", "data": {}}
{"timestamp": "2025-07-25T16:42:42.262073", "container": "victim", "event_type": "network_activity", "message": "Periodic gateway ping successful", "data": {}}
{"timestamp": "2025-07-25T16:43:13.297153", "container": "victim", "event_type": "network_activity", "message": "Periodic gateway ping successful", "data": {}}
{"timestamp": "2025-07-25T16:43:44.351678", "container": "victim", "event_type": "network_activity", "message": "Periodic gateway ping successful", "data": {}}
{"timestamp": "2025-07-25T16:44:15.384462", "container": "victim", "event_type": "network_activity", "message": "Periodic gateway ping successful", "data": {}}
{"timestamp": "2025-07-25T16:44:46.450660", "container": "victim", "event_type": "network_activity", "message": "Periodic gateway ping successful", "data": {}}
{"timestamp": "2025-07-25T16:45:17.476705", "container": "victim", "event_type": "network_activity", "message": "Periodic gateway ping successful", "data": {}}
{"timestamp": "2025-07-25T16:45:48.527382", "container": "victim", "event_type": "network_activity", "message": "Periodic gateway ping successful", "data": {}}
{"timestamp": "2025-07-25T16:46:19.548722", "container": "victim", "event_type": "network_activity", "message": "Periodic gateway ping successful", "data": {}}
{"timestamp": "2025-07-25T16:46:50.629725", "container": "victim", "event_type": "network_activity", "message": "Periodic gateway ping successful", "data": {}}
{"timestamp": "2025-07-25T16:47:21.626290", "container": "victim", "event_type": "network_activity", "message": "Periodic gateway ping successful", "data": {}}
{"timestamp": "2025-07-25T16:47:52.662462", "container": "victim", "event_type": "network_activity", "message": "Periodic gateway ping successful", "data": {}}
{"timestamp": "2025-07-25T16:48:23.713607", "container": "victim", "event_type": "network_activity", "message": "Periodic gateway ping successful", "data": {}}
{"timestamp": "2025-07-25T16:48:54.784063", "container": "victim", "event_type": "network_activity", "message": "Periodic gateway ping successful", "data": {}}
{"timestamp": "2025-07-25T16:49:25.798345", "container": "victim", "event_type": "network_activity", "message": "Periodic gateway ping successful", "data": {}}
{"timestamp": "2025-07-25T16:49:56.795551", "container": "victim", "event_type": "network_activity", "message": "Periodic gateway ping successful", "data": {}}
{"timestamp": "2025-07-25T16:50:27.857280", "container": "victim", "event_type": "network_activity", "message": "Periodic gateway ping successful", "data": {}}
{"timestamp": "2025-07-25T16:50:58.957768", "container": "victim", "event_type": "network_activity", "message": "Periodic gateway ping successful", "data": {}}
{"timestamp": "2025-07-25T16:51:29.999702", "container": "victim", "event_type": "network_activity", "message": "Periodic gateway ping successful", "data": {}}
{"timestamp": "2025-07-25T16:52:01.022738", "container": "victim", "event_type": "network_activity", "message": "Periodic gateway ping successful", "data": {}}
{"timestamp": "2025-07-25T16:52:32.070727", "container": "victim", "event_type": "network_activity", "message": "Periodic gateway ping successful", "data": {}}
{"timestamp": "2025-07-25T16:53:03.130367", "container": "victim", "event_type": "network_activity", "message": "Periodic gateway ping successful", "data": {}}
{"timestamp": "2025-07-25T16:53:34.169208", "container": "victim", "event_type": "network_activity", "message": "Periodic gateway ping successful", "data": {}}
{"timestamp": "2025-07-25T16:54:05.182260", "container": "victim", "event_type": "network_activity", "message": "Periodic gateway ping successful", "data": {}}
{"timestamp": "2025-07-25T16:54:36.381380", "container": "victim", "event_type": "network_activity", "message": "Periodic gateway ping successful", "data": {}}
{"timestamp": "2025-07-25T16:55:07.454480", "container": "victim", "event_type": "network_activity", "message": "Periodic gateway ping successful", "data": {}}
{"timestamp": "2025-07-25T16:55:38.478219", "container": "victim", "event_type": "network_activity", "message": "Periodic gateway ping successful", "data": {}}
{"timestamp": "2025-07-25T16:56:09.534939", "container": "victim", "event_type": "network_activity", "message": "Periodic gateway ping successful", "data": {}}
{"timestamp": "2025-07-25T16:56:40.567504", "container": "victim", "event_type": "network_activity", "message": "Periodic gateway ping successful", "data": {}}
{"timestamp": "2025-07-25T16:57:11.635443", "container": "victim", "event_type": "network_activity", "message": "Periodic gateway ping successful", "data": {}}
{"timestamp": "2025-07-25T16:57:42.690001", "container": "victim", "event_type": "network_activity", "message": "Periodic gateway ping successful", "data": {}}
{"timestamp": "2025-07-25T16:58:13.728322", "container": "victim", "event_type": "network_activity", "message": "Periodic gateway ping successful", "data": {}}
{"timestamp": "2025-07-25T16:58:44.752944", "container": "victim", "event_type": "network_activity", "message": "Periodic gateway ping successful", "data": {}}
{"timestamp": "2025-07-25T16:59:15.819223", "container": "victim", "event_type": "network_activity", "message": "Periodic gateway ping successful", "data": {}}
{"timestamp": "2025-07-25T16:59:46.869141", "container": "victim", "event_type": "network_activity", "message": "Periodic gateway ping successful", "data": {}}
{"timestamp": "2025-07-25T17:00:17.922408", "container": "victim", "event_type": "network_activity", "message": "Periodic gateway ping successful", "data": {}}
{"timestamp": "2025-07-25T17:00:48.951358", "container": "victim", "event_type": "network_activity", "message": "Periodic gateway ping successful", "data": {}}
{"timestamp": "2025-07-25T17:01:20.174496", "container": "victim", "event_type": "network_activity", "message": "Periodic gateway ping successful", "data": {}}
{"timestamp": "2025-07-25T17:01:51.213511", "container": "victim", "event_type": "network_activity", "message": "Periodic gateway ping successful", "data": {}}
{"timestamp": "2025-07-25T17:02:22.257088", "container": "victim", "event_type": "network_activity", "message": "Periodic gateway ping successful", "data": {}}
{"timestamp": "2025-07-25T17:02:53.302360", "container": "victim", "event_type": "network_activity", "message": "Periodic gateway ping successful", "data": {}}
{"timestamp": "2025-07-25T17:03:24.373743", "container": "victim", "event_type": "network_activity", "message": "Periodic gateway ping successful", "data": {}}
{"timestamp": "2025-07-25T17:03:55.447134", "container": "victim", "event_type": "network_activity", "message": "Periodic gateway ping successful", "data": {}}
{"timestamp": "2025-07-25T17:04:26.588179", "container": "victim", "event_type": "network_activity", "message": "Periodic gateway ping successful", "data": {}}
{"timestamp": "2025-07-25T17:04:57.657028", "container": "victim", "event_type": "network_activity", "message": "Periodic gateway ping successful", "data": {}}
{"timestamp": "2025-07-25T17:05:28.705577", "container": "victim", "event_type": "network_activity", "message": "Periodic gateway ping successful", "data": {}}
{"timestamp": "2025-07-25T17:05:59.780725", "container": "victim", "event_type": "network_activity", "message": "Periodic gateway ping successful", "data": {}}
{"timestamp": "2025-07-25T17:06:30.815686", "container": "victim", "event_type": "network_activity", "message": "Periodic gateway ping successful", "data": {}}
{"timestamp": "2025-07-25T17:07:01.884083", "container": "victim", "event_type": "network_activity", "message": "Periodic gateway ping successful", "data": {}}
{"timestamp": "2025-07-25T17:07:32.928725", "container": "victim", "event_type": "network_activity", "message": "Periodic gateway ping successful", "data": {}}
{"timestamp": "2025-07-25T17:08:04.005863", "container": "victim", "event_type": "network_activity", "message": "Periodic gateway ping successful", "data": {}}
{"timestamp": "2025-07-25T17:08:35.032183", "container": "victim", "event_type": "network_activity", "message": "Periodic gateway ping successful", "data": {}}
{"timestamp": "2025-07-25T17:09:06.069044", "container": "victim", "event_type": "network_activity", "message": "Periodic gateway ping successful", "data": {}}
{"timestamp": "2025-07-25T17:09:37.130361", "container": "victim", "event_type": "network_activity", "message": "Periodic gateway ping successful", "data": {}}
{"timestamp": "2025-07-25T17:10:08.193815", "container": "victim", "event_type": "network_activity", "message": "Periodic gateway ping successful", "data": {}}
{"timestamp": "2025-07-25T17:10:39.245419", "container": "victim", "event_type": "network_activity", "message": "Periodic gateway ping successful", "data": {}}
{"timestamp": "2025-07-25T17:11:10.302179", "container": "victim", "event_type": "network_activity", "message": "Periodic gateway ping successful", "data": {}}
{"timestamp": "2025-07-25T17:11:41.367700", "container": "victim", "event_type": "network_activity", "message": "Periodic gateway ping successful", "data": {}}
{"timestamp": "2025-07-25T17:12:12.450440", "container": "victim", "event_type": "network_activity", "message": "Periodic gateway ping successful", "data": {}}
{"timestamp": "2025-07-25T17:12:43.494597", "container": "victim", "event_type": "network_activity", "message": "Periodic gateway ping successful", "data": {}}
{"timestamp": "2025-07-25T17:13:14.554001", "container": "victim", "event_type": "network_activity", "message": "Periodic gateway ping successful", "data": {}}
{"timestamp": "2025-07-25T17:13:45.622645", "container": "victim", "event_type": "network_activity", "message": "Periodic gateway ping successful", "data": {}}
{"timestamp": "2025-07-25T17:14:16.668231", "container": "victim", "event_type": "network_activity", "message": "Periodic gateway ping successful", "data": {}}
{"timestamp": "2025-07-25T17:14:47.709339", "container": "victim", "event_type": "network_activity", "message": "Periodic gateway ping successful", "data": {}}
{"timestamp": "2025-07-25T17:15:18.777212", "container": "victim", "event_type": "network_activity", "message": "Periodic gateway ping successful", "data": {}}
{"timestamp": "2025-07-25T17:15:49.854199", "container": "victim", "event_type": "network_activity", "message": "Periodic gateway ping successful", "data": {}}
{"timestamp": "2025-07-25T17:16:20.894232", "container": "victim", "event_type": "network_activity", "message": "Periodic gateway ping successful", "data": {}}
{"timestamp": "2025-07-25T17:16:51.960833", "container": "victim", "event_type": "network_activity", "message": "Periodic gateway ping successful", "data": {}}
{"timestamp": "2025-07-25T17:17:23.043789", "container": "victim", "event_type": "network_activity", "message": "Periodic gateway ping successful", "data": {}}
{"timestamp": "2025-07-25T17:17:54.085596", "container": "victim", "event_type": "network_activity", "message": "Periodic gateway ping successful", "data": {}}
{"timestamp": "2025-07-25T17:18:25.170029", "container": "victim", "event_type": "network_activity", "message": "Periodic gateway ping successful", "data": {}}
{"timestamp": "2025-07-25T17:18:56.192924", "container": "victim", "event_type": "network_activity", "message": "Periodic gateway ping successful", "data": {}}
{"timestamp": "2025-07-25T17:19:27.270974", "container": "victim", "event_type": "network_activity", "message": "Periodic gateway ping successful", "data": {}}
{"timestamp": "2025-07-25T17:19:58.345239", "container": "victim", "event_type": "network_activity", "message": "Periodic gateway ping successful", "data": {}}
{"timestamp": "2025-07-25T17:20:29.408609", "container": "victim", "event_type": "network_activity", "message": "Periodic gateway ping successful", "data": {}}
{"timestamp": "2025-07-25T17:21:00.490684", "container": "victim", "event_type": "network_activity", "message": "Periodic gateway ping successful", "data": {}}
{"timestamp": "2025-07-25T17:21:31.583752", "container": "victim", "event_type": "network_activity", "message": "Periodic gateway ping successful", "data": {}}
{"timestamp": "2025-07-25T17:22:02.635366", "container": "victim", "event_type": "network_activity", "message": "Periodic gateway ping successful", "data": {}}
{"timestamp": "2025-07-25T17:22:33.704432", "container": "victim", "event_type": "network_activity", "message": "Periodic gateway ping successful", "data": {}}
{"timestamp": "2025-07-25T17:23:04.771457", "container": "victim", "event_type": "network_activity", "message": "Periodic gateway ping successful", "data": {}}
{"timestamp": "2025-07-25T17:23:17.948558", "container": "victim", "event_type": "services_stopped", "message": "All victim services stopped", "data": {}}
{"timestamp": "2025-07-25T17:29:30.934766", "container": "victim", "event_type": "container_start", "message": "Victim container started", "data": {"victim_ip": "10.0.1.20", "attacker_ip": "10.0.1.10", "observer_ip": "10.0.1.30"}}
{"timestamp": "2025-07-25T17:29:30.945247", "container": "victim", "event_type": "services_started", "message": "All victim services started", "data": {"services": ["HTTP Web Server", "ARP Monitor", "Echo Service", "Activity Simulator"]}}
{"timestamp": "2025-07-25T17:30:02.031868", "container": "victim", "event_type": "network_activity", "message": "Periodic gateway ping successful", "data": {}}
{"timestamp": "2025-07-25T17:30:33.094578", "container": "victim", "event_type": "network_activity", "message": "Periodic gateway ping successful", "data": {}}
{"timestamp": "2025-07-25T17:31:04.172142", "container": "victim", "event_type": "network_activity", "message": "Periodic gateway ping successful", "data": {}}
{"timestamp": "2025-07-25T17:31:35.207010", "container": "victim", "event_type": "network_activity", "message": "Periodic gateway ping successful", "data": {}}
{"timestamp": "2025-07-25T17:32:06.319417", "container": "victim", "event_type": "network_activity", "message": "Periodic gateway ping successful", "data": {}}
{"timestamp": "2025-07-25T17:32:37.379503", "container": "victim", "event_type": "network_activity", "message": "Periodic gateway ping successful", "data": {}}
{"timestamp": "2025-07-25T17:33:08.482149", "container": "victim", "event_type": "network_activity", "message": "Periodic gateway ping successful", "data": {}}
{"timestamp": "2025-07-25T17:33:39.548651", "container": "victim", "event_type": "network_activity", "message": "Periodic gateway ping successful", "data": {}}
{"timestamp": "2025-07-25T17:34:10.631245", "container": "victim", "event_type": "network_activity", "message": "Periodic gateway ping successful", "data": {}}
{"timestamp": "2025-07-25T17:34:41.704799", "container": "victim", "event_type": "network_activity", "message": "Periodic gateway ping successful", "data": {}}
{"timestamp": "2025-07-25T17:35:12.780511", "container": "victim", "event_type": "network_activity", "message": "Periodic gateway ping successful", "data": {}}
{"timestamp": "2025-07-25T17:35:43.867820", "container": "victim", "event_type": "network_activity", "message": "Periodic gateway ping successful", "data": {}}
{"timestamp": "2025-07-25T17:36:14.937646", "container": "victim", "event_type": "network_activity", "message": "Periodic gateway ping successful", "data": {}}
{"timestamp": "2025-07-25T17:36:46.007536", "container": "victim", "event_type": "network_activity", "message": "Periodic gateway ping successful", "data": {}}
{"timestamp": "2025-07-25T17:37:17.092276", "container": "victim", "event_type": "network_activity", "message": "Periodic gateway ping successful", "data": {}}
{"timestamp": "2025-07-25T17:37:48.174005", "container": "victim", "event_type": "network_activity", "message": "Periodic gateway ping successful", "data": {}}
{"timestamp": "2025-07-25T17:38:19.269705", "container": "victim", "event_type": "network_activity", "message": "Periodic gateway ping successful", "data": {}}
{"timestamp": "2025-07-25T17:38:50.346745", "container": "victim", "event_type": "network_activity", "message": "Periodic gateway ping successful", "data": {}}
{"timestamp": "2025-07-25T17:39:21.424928", "container": "victim", "event_type": "network_activity", "message": "Periodic gateway ping successful", "data": {}}
{"timestamp": "2025-07-25T17:39:52.486078", "container": "victim", "event_type": "network_activity", "message": "Periodic gateway ping successful", "data": {}}
{"timestamp": "2025-07-25T17:40:23.563402", "container": "victim", "event_type": "network_activity", "message": "Periodic gateway ping successful", "data": {}}
{"timestamp": "2025-07-25T17:40:54.614139", "container": "victim", "event_type": "network_activity", "message": "Periodic gateway ping successful", "data": {}}
{"timestamp": "2025-07-25T17:41:25.683638", "container": "victim", "event_type": "network_activity", "message": "Periodic gateway ping successful", "data": {}}
{"timestamp": "2025-07-25T17:41:56.782494", "container": "victim", "event_type": "network_activity", "message": "Periodic gateway ping successful", "data": {}}
{"timestamp": "2025-07-25T17:42:27.875487", "container": "victim", "event_type": "network_activity", "message": "Periodic gateway ping successful", "data": {}}
{"timestamp": "2025-07-25T17:42:58.382138", "container": "victim", "event_type": "network_activity", "message": "Periodic gateway ping successful", "data": {}}
{"timestamp": "2025-07-25T17:43:29.411960", "container": "victim", "event_type": "network_activity", "message": "Periodic gateway ping successful", "data": {}}
{"timestamp": "2025-07-25T17:44:00.265099", "container": "victim", "event_type": "network_activity", "message": "Periodic gateway ping successful", "data": {}}
{"timestamp": "2025-07-25T17:44:31.854273", "container": "victim", "event_type": "network_activity", "message": "Periodic gateway ping successful", "data": {}}
{"timestamp": "2025-07-25T17:45:02.037348", "container": "victim", "event_type": "network_activity", "message": "Periodic gateway ping successful", "data": {}}
{"timestamp": "2025-07-25T17:45:33.149469", "container": "victim", "event_type": "network_activity", "message": "Periodic gateway ping successful", "data": {}}
{"timestamp": "2025-07-25T17:46:04.248353", "container": "victim", "event_type": "network_activity", "message": "Periodic gateway ping successful", "data": {}}
{"timestamp": "2025-07-25T17:46:35.228371", "container": "victim", "event_type": "network_activity", "message": "Periodic gateway ping successful", "data": {}}
{"timestamp": "2025-07-25T17:47:06.209662", "container": "victim", "event_type": "network_activity", "message": "Periodic gateway ping successful", "data": {}}
{"timestamp": "2025-07-25T17:47:37.219871", "container": "victim", "event_type": "network_activity", "message": "Periodic gateway ping successful", "data": {}}
{"timestamp": "2025-07-25T17:48:08.252930", "container": "victim", "event_type": "network_activity", "message": "Periodic gateway ping successful", "data": {}}
{"timestamp": "2025-07-25T17:48:39.314600", "container": "victim", "event_type": "network_activity", "message": "Periodic gateway ping successful", "data": {}}
{"timestamp": "2025-07-25T17:49:10.331374", "container": "victim", "event_type": "network_activity", "message": "Periodic gateway ping successful", "data": {}}
{"timestamp": "2025-07-25T17:49:41.379533", "container": "victim", "event_type": "network_activity", "message": "Periodic gateway ping successful", "data": {}}
{"timestamp": "2025-07-25T17:50:12.423053", "container": "victim", "event_type": "network_activity", "message": "Periodic gateway ping successful", "data": {}}
{"timestamp": "2025-07-25T17:50:43.477700", "container": "victim", "event_type": "network_activity", "message": "Periodic gateway ping successful", "data": {}}
{"timestamp": "2025-07-25T17:51:14.501406", "container": "victim", "event_type": "network_activity", "message": "Periodic gateway ping successful", "data": {}}
{"timestamp": "2025-07-25T17:51:45.571086", "container": "victim", "event_type": "network_activity", "message": "Periodic gateway ping successful", "data": {}}
{"timestamp": "2025-07-25T17:52:16.641526", "container": "victim", "event_type": "network_activity", "message": "Periodic gateway ping successful", "data": {}}
{"timestamp": "2025-07-25T17:52:47.663475", "container": "victim", "event_type": "network_activity", "message": "Periodic gateway ping successful", "data": {}}
{"timestamp": "2025-07-25T17:53:18.691845", "container": "victim", "event_type": "network_activity", "message": "Periodic gateway ping successful", "data": {}}
{"timestamp": "2025-07-25T17:53:49.742252", "container": "victim", "event_type": "network_activity", "message": "Periodic gateway ping successful", "data": {}}
{"timestamp": "2025-07-25T17:54:20.816907", "container": "victim", "event_type": "network_activity", "message": "Periodic gateway ping successful", "data": {}}
{"timestamp": "2025-07-25T17:54:51.868029", "container": "victim", "event_type": "network_activity", "message": "Periodic gateway ping successful", "data": {}}
{"timestamp": "2025-07-25T17:55:22.910151", "container": "victim", "event_type": "network_activity", "message": "Periodic gateway ping successful", "data": {}}
{"timestamp": "2025-07-25T17:55:53.990949", "container": "victim", "event_type": "network_activity", "message": "Periodic gateway ping successful", "data": {}}
{"timestamp": "2025-07-25T17:56:25.058922", "container": "victim", "event_type": "network_activity", "message": "Periodic gateway ping successful", "data": {}}
{"timestamp": "2025-07-25T17:56:56.122016", "container": "victim", "event_type": "network_activity", "message": "Periodic gateway ping successful", "data": {}}
{"timestamp": "2025-07-25T17:57:27.156630", "container": "victim", "event_type": "network_activity", "message": "Periodic gateway ping successful", "data": {}}
{"timestamp": "2025-07-25T17:57:58.235992", "container": "victim", "event_type": "network_activity", "message": "Periodic gateway ping successful", "data": {}}
{"timestamp": "2025-07-25T17:58:29.306065", "container": "victim", "event_type": "network_activity", "message": "Periodic gateway ping successful", "data": {}}
{"timestamp": "2025-07-25T17:59:00.349370", "container": "victim", "event_type": "network_activity", "message": "Periodic gateway ping successful", "data": {}}
{"timestamp": "2025-07-25T17:59:31.410446", "container": "victim", "event_type": "network_activity", "message": "Periodic gateway ping successful", "data": {}}
{"timestamp": "2025-07-25T17:59:33.217771", "container": "victim", "event_type": "services_stopped", "message": "All victim services stopped", "data": {}}
{"timestamp": "2025-07-25T17:59:58.496049", "container": "victim", "event_type": "container_start", "message": "Victim container started", "data": {"victim_ip": "10.0.1.20", "attacker_ip": "10.0.1.10", "observer_ip": "10.0.1.30"}}
{"timestamp": "2025-07-25T17:59:58.505252", "container": "victim", "event_type": "services_started", "message": "All victim services started", "data": {"services": ["HTTP Web Server", "ARP Monitor", "Echo Service", "Activity Simulator"]}}
{"timestamp": "2025-07-25T18:00:29.576778", "container": "victim", "event_type": "network_activity", "message": "Periodic gateway ping successful", "data": {}}
{"timestamp": "2025-07-25T18:01:00.648762", "container": "victim", "event_type": "network_activity", "message": "Periodic gateway ping successful", "data": {}}
{"timestamp": "2025-07-25T18:01:31.687791", "container": "victim", "event_type": "network_activity", "message": "Periodic gateway ping successful", "data": {}}
{"timestamp": "2025-07-25T18:02:02.776951", "container": "victim", "event_type": "network_activity", "message": "Periodic gateway ping successful", "data": {}}
{"timestamp": "2025-07-25T18:02:33.869960", "container": "victim", "event_type": "network_activity", "message": "Periodic gateway ping successful", "data": {}}
{"timestamp": "2025-07-25T18:03:04.901621", "container": "victim", "event_type": "network_activity", "message": "Periodic gateway ping successful", "data": {}}
{"timestamp": "2025-07-25T18:03:35.961560", "container": "victim", "event_type": "network_activity", "message": "Periodic gateway ping successful", "data": {}}
{"timestamp": "2025-07-25T18:04:07.024280", "container": "victim", "event_type": "network_activity", "message": "Periodic gateway ping successful", "data": {}}
{"timestamp": "2025-07-25T18:04:38.104303", "container": "victim", "event_type": "network_activity", "message": "Periodic gateway ping successful", "data": {}}
{"timestamp": "2025-07-25T18:05:09.133203", "container": "victim", "event_type": "network_activity", "message": "Periodic gateway ping successful", "data": {}}
{"timestamp": "2025-07-25T18:05:40.202802", "container": "victim", "event_type": "network_activity", "message": "Periodic gateway ping successful", "data": {}}
{"timestamp": "2025-07-25T18:06:11.296280", "container": "victim", "event_type": "network_activity", "message": "Periodic gateway ping successful", "data": {}}
{"timestamp": "2025-07-25T18:06:42.382257", "container": "victim", "event_type": "network_activity", "message": "Periodic gateway ping successful", "data": {}}
{"timestamp": "2025-07-25T18:07:13.454408", "container": "victim", "event_type": "network_activity", "message": "Periodic gateway ping successful", "data": {}}
{"timestamp": "2025-07-25T18:07:44.517844", "container": "victim", "event_type": "network_activity", "message": "Periodic gateway ping successful", "data": {}}
{"timestamp": "2025-07-25T18:08:15.586653", "container": "victim", "event_type": "network_activity", "message": "Periodic gateway ping successful", "data": {}}
{"timestamp": "2025-07-25T18:08:46.659529", "container": "victim", "event_type": "network_activity", "message": "Periodic gateway ping successful", "data": {}}
{"timestamp": "2025-07-25T18:09:17.734539", "container": "victim", "event_type": "network_activity", "message": "Periodic gateway ping successful", "data": {}}
{"timestamp": "2025-07-25T18:09:48.824999", "container": "victim", "event_type": "network_activity", "message": "Periodic gateway ping successful", "data": {}}
{"timestamp": "2025-07-25T18:10:19.884053", "container": "victim", "event_type": "network_activity", "message": "Periodic gateway ping successful", "data": {}}
{"timestamp": "2025-07-25T18:10:50.999990", "container": "victim", "event_type": "network_activity", "message": "Periodic gateway ping successful", "data": {}}
{"timestamp": "2025-07-25T18:11:22.060894", "container": "victim", "event_type": "network_activity", "message": "Periodic gateway ping successful", "data": {}}
{"timestamp": "2025-07-25T18:11:53.150142", "container": "victim", "event_type": "network_activity", "message": "Periodic gateway ping successful", "data": {}}
{"timestamp": "2025-07-25T18:12:24.195242", "container": "victim", "event_type": "network_activity", "message": "Periodic gateway ping successful", "data": {}}
{"timestamp": "2025-07-25T18:12:55.288396", "container": "victim", "event_type": "network_activity", "message": "Periodic gateway ping successful", "data": {}}
{"timestamp": "2025-07-25T18:13:26.375006", "container": "victim", "event_type": "network_activity", "message": "Periodic gateway ping successful", "data": {}}
{"timestamp": "2025-07-25T18:13:57.446076", "container": "victim", "event_type": "network_activity", "message": "Periodic gateway ping successful", "data": {}}
{"timestamp": "2025-07-25T18:14:28.528701", "container": "victim", "event_type": "network_activity", "message": "Periodic gateway ping successful", "data": {}}
{"timestamp": "2025-07-25T18:14:59.604756", "container": "victim", "event_type": "network_activity", "message": "Periodic gateway ping successful", "data": {}}
{"timestamp": "2025-07-25T18:15:30.701850", "container": "victim", "event_type": "network_activity", "message": "Periodic gateway ping successful", "data": {}}
{"timestamp": "2025-07-25T18:16:01.721277", "container": "victim", "event_type": "network_activity", "message": "Periodic gateway ping successful", "data": {}}
{"timestamp": "2025-07-25T18:16:32.799875", "container": "victim", "event_type": "network_activity", "message": "Periodic gateway ping successful", "data": {}}
{"timestamp": "2025-07-25T18:17:03.916282", "container": "victim", "event_type": "network_activity", "message": "Periodic gateway ping successful", "data": {}}
{"timestamp": "2025-07-25T18:17:35.018404", "container": "victim", "event_type": "network_activity", "message": "Periodic gateway ping successful", "data": {}}
{"timestamp": "2025-07-25T18:18:06.080545", "container": "victim", "event_type": "network_activity", "message": "Periodic gateway ping successful", "data": {}}
{"timestamp": "2025-07-25T18:18:37.166516", "container": "victim", "event_type": "network_activity", "message": "Periodic gateway ping successful", "data": {}}
{"timestamp": "2025-07-25T18:19:08.240016", "container": "victim", "event_type": "network_activity", "message": "Periodic gateway ping successful", "data": {}}
{"timestamp": "2025-07-25T18:19:39.336164", "container": "victim", "event_type": "network_activity", "message": "Periodic gateway ping successful", "data": {}}
{"timestamp": "2025-07-25T18:20:10.397112", "container": "victim", "event_type": "network_activity", "message": "Periodic gateway ping successful", "data": {}}
{"timestamp": "2025-07-25T18:20:41.493513", "container": "victim", "event_type": "network_activity", "message": "Periodic gateway ping successful", "data": {}}
{"timestamp": "2025-07-25T18:21:12.596025", "container": "victim", "event_type": "network_activity", "message": "Periodic gateway ping successful", "data": {}}
{"timestamp": "2025-07-25T18:21:43.717082", "container": "victim", "event_type": "network_activity", "message": "Periodic gateway ping successful", "data": {}}
{"timestamp": "2025-07-25T18:22:14.775736", "container": "victim", "event_type": "network_activity", "message": "Periodic gateway ping successful", "data": {}}
{"timestamp": "2025-07-25T18:22:45.869840", "container": "victim", "event_type": "network_activity", "message": "Periodic gateway ping successful", "data": {}}
{"timestamp": "2025-07-25T18:23:16.959965", "container": "victim", "event_type": "network_activity", "message": "Periodic gateway ping successful", "data": {}}
{"timestamp": "2025-07-25T18:23:48.038590", "container": "victim", "event_type": "network_activity", "message": "Periodic gateway ping successful", "data": {}}
{"timestamp": "2025-07-25T18:24:19.128768", "container": "victim", "event_type": "network_activity", "message": "Periodic gateway ping successful", "data": {}}
{"timestamp": "2025-07-25T18:24:50.219253", "container": "victim", "event_type": "network_activity", "message": "Periodic gateway ping successful", "data": {}}
{"timestamp": "2025-07-25T18:25:21.307191", "container": "victim", "event_type": "network_activity", "message": "Periodic gateway ping successful", "data": {}}
{"timestamp": "2025-07-25T18:25:52.424048", "container": "victim", "event_type": "network_activity", "message": "Periodic gateway ping successful", "data": {}}
{"timestamp": "2025-07-25T18:26:23.509222", "container": "victim", "event_type": "network_activity", "message": "Periodic gateway ping successful", "data": {}}
{"timestamp": "2025-07-25T18:26:54.601971", "container": "victim", "event_type": "network_activity", "message": "Periodic gateway ping successful", "data": {}}
{"timestamp": "2025-07-25T18:27:25.717264", "container": "victim", "event_type": "network_activity", "message": "Periodic gateway ping successful", "data": {}}
{"timestamp": "2025-07-25T18:27:56.805325", "container": "victim", "event_type": "network_activity", "message": "Periodic gateway ping successful", "data": {}}
{"timestamp": "2025-07-25T18:28:27.919921", "container": "victim", "event_type": "network_activity", "message": "Periodic gateway ping successful", "data": {}}
{"timestamp": "2025-07-25T18:28:59.025762", "container": "victim", "event_type": "network_activity", "message": "Periodic gateway ping successful", "data": {}}
{"timestamp": "2025-07-25T18:29:30.121566", "container": "victim", "event_type": "network_activity", "message": "Periodic gateway ping successful", "data": {}}
{"timestamp": "2025-07-25T18:30:01.227827", "container": "victim", "event_type": "network_activity", "message": "Periodic gateway ping successful", "data": {}}
{"timestamp": "2025-07-25T18:30:32.333614", "container": "victim", "event_type": "network_activity", "message": "Periodic gateway ping successful", "data": {}}
{"timestamp": "2025-07-25T18:31:03.457600", "container": "victim", "event_type": "network_activity", "message": "Periodic gateway ping successful", "data": {}}
{"timestamp": "2025-07-25T18:31:34.566619", "container": "victim", "event_type": "network_activity", "message": "Periodic gateway ping successful", "data": {}}
{"timestamp": "2025-07-25T18:32:05.671714", "container": "victim", "event_type": "network_activity", "message": "Periodic gateway ping successful", "data": {}}
{"timestamp": "2025-07-25T18:32:36.810976", "container": "victim", "event_type": "network_activity", "message": "Periodic gateway ping successful", "data": {}}
{"timestamp": "2025-07-25T18:33:07.959546", "container": "victim", "event_type": "network_activity", "message": "Periodic gateway ping successful", "data": {}}
{"timestamp": "2025-07-25T18:33:39.060597", "container": "victim", "event_type": "network_activity", "message": "Periodic gateway ping successful", "data": {}}
{"timestamp": "2025-07-25T18:34:10.177360", "container": "victim", "event_type": "network_activity", "message": "Periodic gateway ping successful", "data": {}}
{"timestamp": "2025-07-25T18:34:41.304282", "container": "victim", "event_type": "network_activity", "message": "Periodic gateway ping successful", "data": {}}
{"timestamp": "2025-07-25T18:35:12.459111", "container": "victim", "event_type": "network_activity", "message": "Periodic gateway ping successful", "data": {}}
{"timestamp": "2025-07-25T18:35:43.556383", "container": "victim", "event_type": "network_activity", "message": "Periodic gateway ping successful", "data": {}}
{"timestamp": "2025-07-25T18:36:14.670085", "container": "victim", "event_type": "network_activity", "message": "Periodic gateway ping successful", "data": {}}
{"timestamp": "2025-07-25T18:36:45.821979", "container": "victim", "event_type": "network_activity", "message": "Periodic gateway ping successful", "data": {}}
{"timestamp": "2025-07-25T18:37:16.943638", "container": "victim", "event_type": "network_activity", "message": "Periodic gateway ping successful", "data": {}}
{"timestamp": "2025-07-25T18:37:48.062381", "container": "victim", "event_type": "network_activity", "message": "Periodic gateway ping successful", "data": {}}
{"timestamp": "2025-07-25T18:38:19.206685", "container": "victim", "event_type": "network_activity", "message": "Periodic gateway ping successful", "data": {}}
{"timestamp": "2025-07-25T18:38:50.319187", "container": "victim", "event_type": "network_activity", "message": "Periodic gateway ping successful", "data": {}}
{"timestamp": "2025-07-25T18:39:21.477682", "container": "victim", "event_type": "network_activity", "message": "Periodic gateway ping successful", "data": {}}
{"timestamp": "2025-07-25T18:39:52.579378", "container": "victim", "event_type": "network_activity", "message": "Periodic gateway ping successful", "data": {}}
{"timestamp": "2025-07-25T18:40:23.720850", "container": "victim", "event_type": "network_activity", "message": "Periodic gateway ping successful", "data": {}}
{"timestamp": "2025-07-25T18:40:54.855246", "container": "victim", "event_type": "network_activity", "message": "Periodic gateway ping successful", "data": {}}
{"timestamp": "2025-07-25T18:41:25.987938", "container": "victim", "event_type": "network_activity", "message": "Periodic gateway ping successful", "data": {}}
{"timestamp": "2025-07-25T18:41:57.116788", "container": "victim", "event_type": "network_activity", "message": "Periodic gateway ping successful", "data": {}}
{"timestamp": "2025-07-25T18:42:28.258033", "container": "victim", "event_type": "network_activity", "message": "Periodic gateway ping successful", "data": {}}
{"timestamp": "2025-07-25T18:42:59.933671", "container": "victim", "event_type": "network_activity", "message": "Periodic gateway ping successful", "data": {}}
{"timestamp": "2025-07-25T18:43:30.490217", "container": "victim", "event_type": "network_activity", "message": "Periodic gateway ping successful", "data": {}}
{"timestamp": "2025-07-25T18:44:01.582962", "container": "victim", "event_type": "network_activity", "message": "Periodic gateway ping successful", "data": {}}
{"timestamp": "2025-07-25T18:44:32.711068", "container": "victim", "event_type": "network_activity", "message": "Periodic gateway ping successful", "data": {}}
{"timestamp": "2025-07-25T18:45:03.820537", "container": "victim", "event_type": "network_activity", "message": "Periodic gateway ping successful", "data": {}}
{"timestamp": "2025-07-25T18:45:34.978903", "container": "victim", "event_type": "network_activity", "message": "Periodic gateway ping successful", "data": {}}
{"timestamp": "2025-07-25T18:46:06.114719", "container": "victim", "event_type": "network_activity", "message": "Periodic gateway ping successful", "data": {}}
{"timestamp": "2025-07-25T18:46:37.197104", "container": "victim", "event_type": "network_activity", "message": "Periodic gateway ping successful", "data": {}}
{"timestamp": "2025-07-25T18:47:08.321305", "container": "victim", "event_type": "network_activity", "message": "Periodic gateway ping successful", "data": {}}
{"timestamp": "2025-07-25T18:47:39.469545", "container": "victim", "event_type": "network_activity", "message": "Periodic gateway ping successful", "data": {}}
{"timestamp": "2025-07-25T18:48:10.594091", "container": "victim", "event_type": "network_activity", "message": "Periodic gateway ping successful", "data": {}}
{"timestamp": "2025-07-25T18:48:41.731027", "container": "victim", "event_type": "network_activity", "message": "Periodic gateway ping successful", "data": {}}
{"timestamp": "2025-07-25T18:49:12.839500", "container": "victim", "event_type": "network_activity", "message": "Periodic gateway ping successful", "data": {}}
{"timestamp": "2025-07-25T18:49:44.000477", "container": "victim", "event_type": "network_activity", "message": "Periodic gateway ping successful", "data": {}}
{"timestamp": "2025-07-25T18:50:15.109877", "container": "victim", "event_type": "network_activity", "message": "Periodic gateway ping successful", "data": {}}
{"timestamp": "2025-07-25T18:50:46.251898", "container": "victim", "event_type": "network_activity", "message": "Periodic gateway ping successful", "data": {}}
{"timestamp": "2025-07-25T18:51:17.392641", "container": "victim", "event_type": "network_activity", "message": "Periodic gateway ping successful", "data": {}}
{"timestamp": "2025-07-25T18:51:48.549661", "container": "victim", "event_type": "network_activity", "message": "Periodic gateway ping successful", "data": {}}
{"timestamp": "2025-07-25T18:52:19.653204", "container": "victim", "event_type": "network_activity", "message": "Periodic gateway ping successful", "data": {}}
{"timestamp": "2025-07-25T18:52:46.358798", "container": "victim", "event_type": "services_stopped", "message": "All victim services stopped", "data": {}}
{"timestamp": "2025-07-25T19:00:51.229521", "container": "victim", "event_type": "container_start", "message": "Victim container started", "data": {"victim_ip": "10.0.1.20", "attacker_ip": "10.0.1.10", "observer_ip": "10.0.1.30"}}
{"timestamp": "2025-07-25T19:00:51.245695", "container": "victim", "event_type": "services_started", "message": "All victim services started", "data": {"services": ["HTTP Web Server", "ARP Monitor", "Activity Simulator"]}}
{"timestamp": "2025-07-25T19:01:14.704350", "container": "victim", "event_type": "services_stopped", "message": "All victim services stopped", "data": {}}
{"timestamp": "2025-07-25T19:02:35.776196", "container": "victim", "event_type": "container_start", "message": "Victim container started", "data": {"victim_ip": "10.0.1.20", "attacker_ip": "10.0.1.10", "observer_ip": "10.0.1.30"}}
{"timestamp": "2025-07-25T19:02:35.790125", "container": "victim", "event_type": "services_started", "message": "All victim services started", "data": {"services": ["HTTP Web Server", "ARP Monitor", "Activity Simulator"]}}
{"timestamp": "2025-07-25T19:03:06.911610", "container": "victim", "event_type": "network_activity", "message": "Periodic gateway ping successful", "data": {}}
{"timestamp": "2025-07-25T19:03:24.384616", "container": "victim", "event_type": "connectivity_lost", "message": "Lost connectivity to 10.0.1.1", "data": {}}
{"timestamp": "2025-07-25T19:03:25.392039", "container": "victim", "event_type": "connectivity_lost", "message": "Lost connectivity to 10.0.1.30", "data": {}}
{"timestamp": "2025-07-25T19:03:31.406517", "container": "victim", "event_type": "connectivity_lost", "message": "Lost connectivity to 10.0.1.1", "data": {}}
{"timestamp": "2025-07-25T19:03:32.413158", "container": "victim", "event_type": "connectivity_lost", "message": "Lost connectivity to 10.0.1.30", "data": {}}
{"timestamp": "2025-07-25T19:03:38.437219", "container": "victim", "event_type": "connectivity_lost", "message": "Lost connectivity to 10.0.1.1", "data": {}}
{"timestamp": "2025-07-25T19:03:39.443639", "container": "victim", "event_type": "connectivity_lost", "message": "Lost connectivity to 10.0.1.30", "data": {}}
{"timestamp": "2025-07-25T19:03:45.473440", "container": "victim", "event_type": "connectivity_lost", "message": "Lost connectivity to 10.0.1.1", "data": {}}
{"timestamp": "2025-07-25T19:03:46.480247", "container": "victim", "event_type": "connectivity_lost", "message": "Lost connectivity to 10.0.1.30", "data": {}}
{"timestamp": "2025-07-25T19:03:48.402198", "container": "victim", "event_type": "network_activity", "message": "Periodic gateway ping failed", "data": {}}
{"timestamp": "2025-07-25T19:03:53.458649", "container": "victim", "event_type": "connectivity_lost", "message": "Lost connectivity to 10.0.1.1", "data": {}}
{"timestamp": "2025-07-25T19:03:54.467753", "container": "victim", "event_type": "connectivity_lost", "message": "Lost connectivity to 10.0.1.30", "data": {}}
{"timestamp": "2025-07-25T19:04:00.488458", "container": "victim", "event_type": "connectivity_lost", "message": "Lost connectivity to 10.0.1.1", "data": {}}
{"timestamp": "2025-07-25T19:04:01.497261", "container": "victim", "event_type": "connectivity_lost", "message": "Lost connectivity to 10.0.1.30", "data": {}}
{"timestamp": "2025-07-25T19:04:07.521215", "container": "victim", "event_type": "connectivity_lost", "message": "Lost connectivity to 10.0.1.1", "data": {}}
{"timestamp": "2025-07-25T19:04:08.528748", "container": "victim", "event_type": "connectivity_lost", "message": "Lost connectivity to 10.0.1.30", "data": {}}
{"timestamp": "2025-07-25T19:04:14.549697", "container": "victim", "event_type": "connectivity_lost", "message": "Lost connectivity to 10.0.1.1", "data": {}}
{"timestamp": "2025-07-25T19:04:15.555820", "container": "victim", "event_type": "connectivity_lost", "message": "Lost connectivity to 10.0.1.30", "data": {}}
{"timestamp": "2025-07-25T19:04:22.058245", "container": "victim", "event_type": "connectivity_lost", "message": "Lost connectivity to 10.0.1.1", "data": {}}
{"timestamp": "2025-07-25T19:04:23.066332", "container": "victim", "event_type": "connectivity_lost", "message": "Lost connectivity to 10.0.1.30", "data": {}}
{"timestamp": "2025-07-25T19:04:28.920405", "container": "victim", "event_type": "network_activity", "message": "Periodic gateway ping failed", "data": {}}
{"timestamp": "2025-07-25T19:04:29.093751", "container": "victim", "event_type": "connectivity_lost", "message": "Lost connectivity to 10.0.1.30", "data": {}}
{"timestamp": "2025-07-25T19:04:59.718617", "container": "victim", "event_type": "network_activity", "message": "Periodic gateway ping successful", "data": {}}
{"timestamp": "2025-07-25T19:05:30.125841", "container": "victim", "event_type": "network_activity", "message": "Periodic gateway ping successful", "data": {}}
{"timestamp": "2025-07-25T19:06:00.552065", "container": "victim", "event_type": "network_activity", "message": "Periodic gateway ping successful", "data": {}}
